<?xml version="1.0" encoding="UTF-8"?>
<!-- Generated by org.testng.reporters.JUnitReportReporter -->
<testsuite skipped="0" hostname="DESKTOP-9F4OK2A" name="assignments.assignment9_DataDrivenTesting.MercuryLogIn" tests="3" failures="0" timestamp="06 May 2018 18:14:25 GMT" time="28.305" errors="0">
  <testcase name="logIn" time="12.142" classname="assignments.assignment9_DataDrivenTesting.MercuryLogIn"/>
  <testcase name="logIn" time="9.337" classname="assignments.assignment9_DataDrivenTesting.MercuryLogIn"/>
  <testcase name="logIn" time="6.826" classname="assignments.assignment9_DataDrivenTesting.MercuryLogIn"/>
</testsuite> <!-- assignments.assignment9_DataDrivenTesting.MercuryLogIn -->
