<?xml version="1.0" encoding="UTF-8"?>
<!-- Generated by org.testng.reporters.JUnitReportReporter -->
<testsuite skipped="0" hostname="DESKTOP-9F4OK2A" name="Sikuli" tests="1" failures="0" timestamp="06 May 2018 18:14:25 GMT" time="39.283" errors="0">
  <testcase name="invokeBrowser" time="39.283" classname="Sikuli"/>
</testsuite> <!-- Sikuli -->
