<?xml version="1.0" encoding="UTF-8"?>
<!-- Generated by org.testng.reporters.JUnitReportReporter -->
<testsuite skipped="0" hostname="DESKTOP-9F4OK2A" name="Facebook_Sikuli" tests="1" failures="0" timestamp="06 May 2018 18:14:25 GMT" time="16.373" errors="0">
  <testcase name="invokeBrowser" time="16.373" classname="Facebook_Sikuli"/>
</testsuite> <!-- Facebook_Sikuli -->
